Sat Jun 02 2018 10:37:49 GMT+0530 (India Standard Time) INFOHTTP POST /txnpush{
	"res": {
		"statusCode": 200
	},
	"req": {
		"url": "/txnpush",
		"headers": {
			"host": "localhost:3000",
			"connection": "keep-alive",
			"content-length": "1821",
			"origin": "chrome-extension://fhbjgbiflinjbdggehcddcbncdddomop",
			"cache-control": "no-cache",
			"user-agent": "Mozilla/5.0 (Windows NT 10.0; Win64; x64) AppleWebKit/537.36 (KHTML, like Gecko) Chrome/66.0.3359.181 Safari/537.36",
			"api_source_key": "\"dasbcksdcb\"",
			"username": "\"cbuser01\"",
			"content-type": "application/json",
			"password": "\"dfjnskfc\"",
			"postman-token": "a77d0e1f-6705-10ac-36c2-0942df6ee8dd",
			"accept": "*/*",
			"accept-encoding": "gzip, deflate, br",
			"accept-language": "en-US,en;q=0.9"
		},
		"method": "POST",
		"httpVersion": "1.1",
		"originalUrl": "/txnpush",
		"query": {}
	},
	"responseTime": 15
}
Sat Jun 02 2018 11:41:28 GMT+0530 (India Standard Time) INFOHTTP POST /txnpush{
	"res": {
		"statusCode": 200
	},
	"req": {
		"url": "/txnpush",
		"headers": {
			"host": "localhost:3000",
			"connection": "keep-alive",
			"content-length": "1821",
			"origin": "chrome-extension://fhbjgbiflinjbdggehcddcbncdddomop",
			"cache-control": "no-cache",
			"user-agent": "Mozilla/5.0 (Windows NT 10.0; Win64; x64) AppleWebKit/537.36 (KHTML, like Gecko) Chrome/66.0.3359.181 Safari/537.36",
			"api_source_key": "\"dasbcksdcb\"",
			"username": "\"cbuser01\"",
			"content-type": "application/json",
			"password": "\"dfjnskfc\"",
			"postman-token": "4405a6d5-7af7-5373-3c5d-011f778031fd",
			"accept": "*/*",
			"accept-encoding": "gzip, deflate, br",
			"accept-language": "en-US,en;q=0.9"
		},
		"method": "POST",
		"httpVersion": "1.1",
		"originalUrl": "/txnpush",
		"query": {}
	},
	"responseTime": 16
}
Sat Jun 02 2018 11:49:27 GMT+0530 (India Standard Time) INFOHTTP POST /txnpush{
	"res": {
		"statusCode": 500
	},
	"req": {
		"url": "/txnpush",
		"headers": {
			"host": "localhost:3000",
			"connection": "keep-alive",
			"content-length": "1821",
			"origin": "chrome-extension://fhbjgbiflinjbdggehcddcbncdddomop",
			"cache-control": "no-cache",
			"user-agent": "Mozilla/5.0 (Windows NT 10.0; Win64; x64) AppleWebKit/537.36 (KHTML, like Gecko) Chrome/66.0.3359.181 Safari/537.36",
			"api_source_key": "\"dasbcksdcb\"",
			"username": "\"cbuser01\"",
			"content-type": "application/json",
			"password": "\"dfjnskfc\"",
			"postman-token": "66ecc3ac-faea-d102-c3a6-471ae7bb5a3f",
			"accept": "*/*",
			"accept-encoding": "gzip, deflate, br",
			"accept-language": "en-US,en;q=0.9"
		},
		"method": "POST",
		"httpVersion": "1.1",
		"originalUrl": "/txnpush",
		"query": {}
	},
	"responseTime": 13
}
Sat Jun 02 2018 11:49:49 GMT+0530 (India Standard Time) INFOHTTP POST /txnpush{
	"res": {
		"statusCode": 500
	},
	"req": {
		"url": "/txnpush",
		"headers": {
			"host": "localhost:3000",
			"connection": "keep-alive",
			"content-length": "1821",
			"origin": "chrome-extension://fhbjgbiflinjbdggehcddcbncdddomop",
			"cache-control": "no-cache",
			"user-agent": "Mozilla/5.0 (Windows NT 10.0; Win64; x64) AppleWebKit/537.36 (KHTML, like Gecko) Chrome/66.0.3359.181 Safari/537.36",
			"api_source_key": "\"dasbcksdcb\"",
			"username": "\"cbuser01\"",
			"content-type": "application/json",
			"password": "\"dfjnskfc\"",
			"postman-token": "7695d983-2e25-548d-0a8a-69fa805db2cc",
			"accept": "*/*",
			"accept-encoding": "gzip, deflate, br",
			"accept-language": "en-US,en;q=0.9"
		},
		"method": "POST",
		"httpVersion": "1.1",
		"originalUrl": "/txnpush",
		"query": {}
	},
	"responseTime": 17
}
Sat Jun 02 2018 11:55:03 GMT+0530 (India Standard Time) INFOHTTP POST /txnpush{
	"res": {
		"statusCode": 200
	},
	"req": {
		"url": "/txnpush",
		"headers": {
			"host": "localhost:3000",
			"connection": "keep-alive",
			"content-length": "1821",
			"origin": "chrome-extension://fhbjgbiflinjbdggehcddcbncdddomop",
			"cache-control": "no-cache",
			"user-agent": "Mozilla/5.0 (Windows NT 10.0; Win64; x64) AppleWebKit/537.36 (KHTML, like Gecko) Chrome/66.0.3359.181 Safari/537.36",
			"api_source_key": "\"dasbcksdcb\"",
			"username": "\"cbuser01\"",
			"content-type": "application/json",
			"password": "\"dfjnskfc\"",
			"postman-token": "1cf9042c-7e05-975f-0f42-c33426e8e5a6",
			"accept": "*/*",
			"accept-encoding": "gzip, deflate, br",
			"accept-language": "en-US,en;q=0.9"
		},
		"method": "POST",
		"httpVersion": "1.1",
		"originalUrl": "/txnpush",
		"query": {}
	},
	"responseTime": 30
}
Sat Jun 02 2018 15:12:43 GMT+0530 (India Standard Time) INFOHTTP POST /txnpush{
	"res": {
		"statusCode": 200
	},
	"req": {
		"url": "/txnpush",
		"headers": {
			"host": "localhost:3000",
			"connection": "keep-alive",
			"content-length": "1821",
			"origin": "chrome-extension://fhbjgbiflinjbdggehcddcbncdddomop",
			"cache-control": "no-cache",
			"user-agent": "Mozilla/5.0 (Windows NT 10.0; Win64; x64) AppleWebKit/537.36 (KHTML, like Gecko) Chrome/66.0.3359.181 Safari/537.36",
			"api_source_key": "\"dasbcksdcb\"",
			"username": "\"cbuser01\"",
			"content-type": "application/json",
			"password": "\"dfjnskfc\"",
			"postman-token": "d0f3fbad-da26-3322-f71f-5f7c08451844",
			"accept": "*/*",
			"accept-encoding": "gzip, deflate, br",
			"accept-language": "en-US,en;q=0.9"
		},
		"method": "POST",
		"httpVersion": "1.1",
		"originalUrl": "/txnpush",
		"query": {}
	},
	"responseTime": 9
}
Sat Jun 02 2018 15:13:45 GMT+0530 (India Standard Time) INFOHTTP POST /txnpush{
	"res": {
		"statusCode": 200
	},
	"req": {
		"url": "/txnpush",
		"headers": {
			"host": "localhost:3000",
			"connection": "keep-alive",
			"content-length": "1821",
			"origin": "chrome-extension://fhbjgbiflinjbdggehcddcbncdddomop",
			"cache-control": "no-cache",
			"user-agent": "Mozilla/5.0 (Windows NT 10.0; Win64; x64) AppleWebKit/537.36 (KHTML, like Gecko) Chrome/66.0.3359.181 Safari/537.36",
			"api_source_key": "\"dasbcksdcb\"",
			"username": "\"cbuser01\"",
			"content-type": "application/json",
			"password": "\"dfjnskfc\"",
			"postman-token": "522f9b1e-7144-bc02-2390-bd535874cb5c",
			"accept": "*/*",
			"accept-encoding": "gzip, deflate, br",
			"accept-language": "en-US,en;q=0.9"
		},
		"method": "POST",
		"httpVersion": "1.1",
		"originalUrl": "/txnpush",
		"query": {}
	},
	"responseTime": 19
}
Mon Jun 04 2018 17:35:04 GMT+0530 (India Standard Time) ERRORuncaughtException: laasData is not defined{
	"date": "Mon Jun 04 2018 17:35:04 GMT+0530 (India Standard Time)",
	"process": {
		"pid": 14196,
		"uid": null,
		"gid": null,
		"cwd": "C:\\Users\\rmehlawat\\WebstormProjects\\lassapi",
		"execPath": "C:\\Program Files\\nodejs\\node.exe",
		"version": "v9.8.0",
		"argv": [
			"C:\\Program Files\\nodejs\\node.exe",
			"C:\\Users\\rmehlawat\\WebstormProjects\\lassapi\\app"
		],
		"memoryUsage": {
			"rss": 40230912,
			"heapTotal": 22970368,
			"heapUsed": 16498456,
			"external": 208267
		}
	},
	"os": {
		"loadavg": [
			0,
			0,
			0
		],
		"uptime": 1044714.9817724
	},
	"trace": [
		{
			"column": 41,
			"file": "C:\\Users\\rmehlawat\\WebstormProjects\\lassapi\\steppers\\schemaValidator.js",
			"function": "Object.exports.validateSchema",
			"line": 20,
			"method": "validateSchema",
			"native": false
		},
		{
			"column": 29,
			"file": "C:\\Users\\rmehlawat\\WebstormProjects\\lassapi\\controllers\\laasController.js",
			"function": "Object.exports.post",
			"line": 27,
			"method": "post",
			"native": false
		},
		{
			"column": 16,
			"file": "C:\\Users\\rmehlawat\\WebstormProjects\\lassapi\\app.js",
			"function": null,
			"line": 21,
			"method": null,
			"native": false
		},
		{
			"column": 30,
			"file": "module.js",
			"function": "Module._compile",
			"line": 649,
			"method": "_compile",
			"native": false
		},
		{
			"column": 10,
			"file": "module.js",
			"function": "Module._extensions..js",
			"line": 660,
			"method": ".js",
			"native": false
		},
		{
			"column": 32,
			"file": "module.js",
			"function": "Module.load",
			"line": 561,
			"method": "load",
			"native": false
		},
		{
			"column": 12,
			"file": "module.js",
			"function": "tryModuleLoad",
			"line": 501,
			"method": null,
			"native": false
		},
		{
			"column": 3,
			"file": "module.js",
			"function": "Module._load",
			"line": 493,
			"method": "_load",
			"native": false
		},
		{
			"column": 10,
			"file": "module.js",
			"function": "Module.runMain",
			"line": 690,
			"method": "runMain",
			"native": false
		},
		{
			"column": 16,
			"file": "bootstrap_node.js",
			"function": "startup",
			"line": 194,
			"method": null,
			"native": false
		}
	],
	"stack": [
		"ReferenceError: laasData is not defined",
		"    at Object.exports.validateSchema (C:\\Users\\rmehlawat\\WebstormProjects\\lassapi\\steppers\\schemaValidator.js:20:41)",
		"    at Object.exports.post (C:\\Users\\rmehlawat\\WebstormProjects\\lassapi\\controllers\\laasController.js:27:29)",
		"    at Object.<anonymous> (C:\\Users\\rmehlawat\\WebstormProjects\\lassapi\\app.js:21:16)",
		"    at Module._compile (module.js:649:30)",
		"    at Object.Module._extensions..js (module.js:660:10)",
		"    at Module.load (module.js:561:32)",
		"    at tryModuleLoad (module.js:501:12)",
		"    at Function.Module._load (module.js:493:3)",
		"    at Function.Module.runMain (module.js:690:10)",
		"    at startup (bootstrap_node.js:194:16)"
	]
}
Mon Jun 04 2018 17:38:33 GMT+0530 (India Standard Time) ERRORuncaughtException: Cannot read property 'body' of undefined{
	"date": "Mon Jun 04 2018 17:38:33 GMT+0530 (India Standard Time)",
	"process": {
		"pid": 14408,
		"uid": null,
		"gid": null,
		"cwd": "C:\\Users\\rmehlawat\\WebstormProjects\\lassapi",
		"execPath": "C:\\Program Files\\nodejs\\node.exe",
		"version": "v9.8.0",
		"argv": [
			"C:\\Program Files\\nodejs\\node.exe",
			"C:\\Users\\rmehlawat\\WebstormProjects\\lassapi\\app"
		],
		"memoryUsage": {
			"rss": 40214528,
			"heapTotal": 22970368,
			"heapUsed": 16279608,
			"external": 208267
		}
	},
	"os": {
		"loadavg": [
			0,
			0,
			0
		],
		"uptime": 1044924.3778372
	},
	"trace": [
		{
			"column": 23,
			"file": "C:\\Users\\rmehlawat\\WebstormProjects\\lassapi\\steppers\\schemaValidator.js",
			"function": "Object.exports.validateSchema",
			"line": 12,
			"method": "validateSchema",
			"native": false
		},
		{
			"column": 29,
			"file": "C:\\Users\\rmehlawat\\WebstormProjects\\lassapi\\controllers\\laasController.js",
			"function": "Object.exports.post",
			"line": 27,
			"method": "post",
			"native": false
		},
		{
			"column": 16,
			"file": "C:\\Users\\rmehlawat\\WebstormProjects\\lassapi\\app.js",
			"function": null,
			"line": 21,
			"method": null,
			"native": false
		},
		{
			"column": 30,
			"file": "module.js",
			"function": "Module._compile",
			"line": 649,
			"method": "_compile",
			"native": false
		},
		{
			"column": 10,
			"file": "module.js",
			"function": "Module._extensions..js",
			"line": 660,
			"method": ".js",
			"native": false
		},
		{
			"column": 32,
			"file": "module.js",
			"function": "Module.load",
			"line": 561,
			"method": "load",
			"native": false
		},
		{
			"column": 12,
			"file": "module.js",
			"function": "tryModuleLoad",
			"line": 501,
			"method": null,
			"native": false
		},
		{
			"column": 3,
			"file": "module.js",
			"function": "Module._load",
			"line": 493,
			"method": "_load",
			"native": false
		},
		{
			"column": 10,
			"file": "module.js",
			"function": "Module.runMain",
			"line": 690,
			"method": "runMain",
			"native": false
		},
		{
			"column": 16,
			"file": "bootstrap_node.js",
			"function": "startup",
			"line": 194,
			"method": null,
			"native": false
		}
	],
	"stack": [
		"TypeError: Cannot read property 'body' of undefined",
		"    at Object.exports.validateSchema (C:\\Users\\rmehlawat\\WebstormProjects\\lassapi\\steppers\\schemaValidator.js:12:23)",
		"    at Object.exports.post (C:\\Users\\rmehlawat\\WebstormProjects\\lassapi\\controllers\\laasController.js:27:29)",
		"    at Object.<anonymous> (C:\\Users\\rmehlawat\\WebstormProjects\\lassapi\\app.js:21:16)",
		"    at Module._compile (module.js:649:30)",
		"    at Object.Module._extensions..js (module.js:660:10)",
		"    at Module.load (module.js:561:32)",
		"    at tryModuleLoad (module.js:501:12)",
		"    at Function.Module._load (module.js:493:3)",
		"    at Function.Module.runMain (module.js:690:10)",
		"    at startup (bootstrap_node.js:194:16)"
	]
}
Mon Jun 04 2018 17:39:56 GMT+0530 (India Standard Time) ERRORuncaughtException: Cannot read property 'body' of undefined{
	"date": "Mon Jun 04 2018 17:39:56 GMT+0530 (India Standard Time)",
	"process": {
		"pid": 7528,
		"uid": null,
		"gid": null,
		"cwd": "C:\\Users\\rmehlawat\\WebstormProjects\\lassapi",
		"execPath": "C:\\Program Files\\nodejs\\node.exe",
		"version": "v9.8.0",
		"argv": [
			"C:\\Program Files\\nodejs\\node.exe",
			"C:\\Users\\rmehlawat\\WebstormProjects\\lassapi\\app"
		],
		"memoryUsage": {
			"rss": 40349696,
			"heapTotal": 22970368,
			"heapUsed": 16391648,
			"external": 208267
		}
	},
	"os": {
		"loadavg": [
			0,
			0,
			0
		],
		"uptime": 1045007.3178038
	},
	"trace": [
		{
			"column": 23,
			"file": "C:\\Users\\rmehlawat\\WebstormProjects\\lassapi\\steppers\\schemaValidator.js",
			"function": "Object.exports.validateSchema",
			"line": 13,
			"method": "validateSchema",
			"native": false
		},
		{
			"column": 29,
			"file": "C:\\Users\\rmehlawat\\WebstormProjects\\lassapi\\controllers\\laasController.js",
			"function": "Object.exports.post",
			"line": 27,
			"method": "post",
			"native": false
		},
		{
			"column": 16,
			"file": "C:\\Users\\rmehlawat\\WebstormProjects\\lassapi\\app.js",
			"function": null,
			"line": 21,
			"method": null,
			"native": false
		},
		{
			"column": 30,
			"file": "module.js",
			"function": "Module._compile",
			"line": 649,
			"method": "_compile",
			"native": false
		},
		{
			"column": 10,
			"file": "module.js",
			"function": "Module._extensions..js",
			"line": 660,
			"method": ".js",
			"native": false
		},
		{
			"column": 32,
			"file": "module.js",
			"function": "Module.load",
			"line": 561,
			"method": "load",
			"native": false
		},
		{
			"column": 12,
			"file": "module.js",
			"function": "tryModuleLoad",
			"line": 501,
			"method": null,
			"native": false
		},
		{
			"column": 3,
			"file": "module.js",
			"function": "Module._load",
			"line": 493,
			"method": "_load",
			"native": false
		},
		{
			"column": 10,
			"file": "module.js",
			"function": "Module.runMain",
			"line": 690,
			"method": "runMain",
			"native": false
		},
		{
			"column": 16,
			"file": "bootstrap_node.js",
			"function": "startup",
			"line": 194,
			"method": null,
			"native": false
		}
	],
	"stack": [
		"TypeError: Cannot read property 'body' of undefined",
		"    at Object.exports.validateSchema (C:\\Users\\rmehlawat\\WebstormProjects\\lassapi\\steppers\\schemaValidator.js:13:23)",
		"    at Object.exports.post (C:\\Users\\rmehlawat\\WebstormProjects\\lassapi\\controllers\\laasController.js:27:29)",
		"    at Object.<anonymous> (C:\\Users\\rmehlawat\\WebstormProjects\\lassapi\\app.js:21:16)",
		"    at Module._compile (module.js:649:30)",
		"    at Object.Module._extensions..js (module.js:660:10)",
		"    at Module.load (module.js:561:32)",
		"    at tryModuleLoad (module.js:501:12)",
		"    at Function.Module._load (module.js:493:3)",
		"    at Function.Module.runMain (module.js:690:10)",
		"    at startup (bootstrap_node.js:194:16)"
	]
}
Mon Jun 04 2018 17:40:13 GMT+0530 (India Standard Time) ERRORuncaughtException: Cannot read property 'body' of undefined{
	"date": "Mon Jun 04 2018 17:40:13 GMT+0530 (India Standard Time)",
	"process": {
		"pid": 9564,
		"uid": null,
		"gid": null,
		"cwd": "C:\\Users\\rmehlawat\\WebstormProjects\\lassapi",
		"execPath": "C:\\Program Files\\nodejs\\node.exe",
		"version": "v9.8.0",
		"argv": [
			"C:\\Program Files\\nodejs\\node.exe",
			"C:\\Users\\rmehlawat\\WebstormProjects\\lassapi\\app"
		],
		"memoryUsage": {
			"rss": 40316928,
			"heapTotal": 22970368,
			"heapUsed": 16529560,
			"external": 208267
		}
	},
	"os": {
		"loadavg": [
			0,
			0,
			0
		],
		"uptime": 1045024.2987826
	},
	"trace": [
		{
			"column": 23,
			"file": "C:\\Users\\rmehlawat\\WebstormProjects\\lassapi\\steppers\\schemaValidator.js",
			"function": "Object.exports.validateSchema",
			"line": 13,
			"method": "validateSchema",
			"native": false
		},
		{
			"column": 29,
			"file": "C:\\Users\\rmehlawat\\WebstormProjects\\lassapi\\controllers\\laasController.js",
			"function": "Object.exports.post",
			"line": 27,
			"method": "post",
			"native": false
		},
		{
			"column": 16,
			"file": "C:\\Users\\rmehlawat\\WebstormProjects\\lassapi\\app.js",
			"function": null,
			"line": 21,
			"method": null,
			"native": false
		},
		{
			"column": 30,
			"file": "module.js",
			"function": "Module._compile",
			"line": 649,
			"method": "_compile",
			"native": false
		},
		{
			"column": 10,
			"file": "module.js",
			"function": "Module._extensions..js",
			"line": 660,
			"method": ".js",
			"native": false
		},
		{
			"column": 32,
			"file": "module.js",
			"function": "Module.load",
			"line": 561,
			"method": "load",
			"native": false
		},
		{
			"column": 12,
			"file": "module.js",
			"function": "tryModuleLoad",
			"line": 501,
			"method": null,
			"native": false
		},
		{
			"column": 3,
			"file": "module.js",
			"function": "Module._load",
			"line": 493,
			"method": "_load",
			"native": false
		},
		{
			"column": 10,
			"file": "module.js",
			"function": "Module.runMain",
			"line": 690,
			"method": "runMain",
			"native": false
		},
		{
			"column": 16,
			"file": "bootstrap_node.js",
			"function": "startup",
			"line": 194,
			"method": null,
			"native": false
		}
	],
	"stack": [
		"TypeError: Cannot read property 'body' of undefined",
		"    at Object.exports.validateSchema (C:\\Users\\rmehlawat\\WebstormProjects\\lassapi\\steppers\\schemaValidator.js:13:23)",
		"    at Object.exports.post (C:\\Users\\rmehlawat\\WebstormProjects\\lassapi\\controllers\\laasController.js:27:29)",
		"    at Object.<anonymous> (C:\\Users\\rmehlawat\\WebstormProjects\\lassapi\\app.js:21:16)",
		"    at Module._compile (module.js:649:30)",
		"    at Object.Module._extensions..js (module.js:660:10)",
		"    at Module.load (module.js:561:32)",
		"    at tryModuleLoad (module.js:501:12)",
		"    at Function.Module._load (module.js:493:3)",
		"    at Function.Module.runMain (module.js:690:10)",
		"    at startup (bootstrap_node.js:194:16)"
	]
}
Mon Jun 04 2018 17:45:26 GMT+0530 (India Standard Time) ERRORuncaughtException: Cannot read property 'body' of undefined{
	"date": "Mon Jun 04 2018 17:45:26 GMT+0530 (India Standard Time)",
	"process": {
		"pid": 1176,
		"uid": null,
		"gid": null,
		"cwd": "C:\\Users\\rmehlawat\\WebstormProjects\\lassapi",
		"execPath": "C:\\Program Files\\nodejs\\node.exe",
		"version": "v9.8.0",
		"argv": [
			"C:\\Program Files\\nodejs\\node.exe",
			"C:\\Users\\rmehlawat\\WebstormProjects\\lassapi\\app"
		],
		"memoryUsage": {
			"rss": 40443904,
			"heapTotal": 22970368,
			"heapUsed": 16290448,
			"external": 200075
		}
	},
	"os": {
		"loadavg": [
			0,
			0,
			0
		],
		"uptime": 1045337.4091142
	},
	"trace": [
		{
			"column": 23,
			"file": "C:\\Users\\rmehlawat\\WebstormProjects\\lassapi\\steppers\\schemaValidator.js",
			"function": "Object.exports.validateSchema",
			"line": 13,
			"method": "validateSchema",
			"native": false
		},
		{
			"column": 29,
			"file": "C:\\Users\\rmehlawat\\WebstormProjects\\lassapi\\controllers\\laasController.js",
			"function": "Object.exports.post",
			"line": 27,
			"method": "post",
			"native": false
		},
		{
			"column": 16,
			"file": "C:\\Users\\rmehlawat\\WebstormProjects\\lassapi\\app.js",
			"function": null,
			"line": 21,
			"method": null,
			"native": false
		},
		{
			"column": 30,
			"file": "module.js",
			"function": "Module._compile",
			"line": 649,
			"method": "_compile",
			"native": false
		},
		{
			"column": 10,
			"file": "module.js",
			"function": "Module._extensions..js",
			"line": 660,
			"method": ".js",
			"native": false
		},
		{
			"column": 32,
			"file": "module.js",
			"function": "Module.load",
			"line": 561,
			"method": "load",
			"native": false
		},
		{
			"column": 12,
			"file": "module.js",
			"function": "tryModuleLoad",
			"line": 501,
			"method": null,
			"native": false
		},
		{
			"column": 3,
			"file": "module.js",
			"function": "Module._load",
			"line": 493,
			"method": "_load",
			"native": false
		},
		{
			"column": 10,
			"file": "module.js",
			"function": "Module.runMain",
			"line": 690,
			"method": "runMain",
			"native": false
		},
		{
			"column": 16,
			"file": "bootstrap_node.js",
			"function": "startup",
			"line": 194,
			"method": null,
			"native": false
		}
	],
	"stack": [
		"TypeError: Cannot read property 'body' of undefined",
		"    at Object.exports.validateSchema (C:\\Users\\rmehlawat\\WebstormProjects\\lassapi\\steppers\\schemaValidator.js:13:23)",
		"    at Object.exports.post (C:\\Users\\rmehlawat\\WebstormProjects\\lassapi\\controllers\\laasController.js:27:29)",
		"    at Object.<anonymous> (C:\\Users\\rmehlawat\\WebstormProjects\\lassapi\\app.js:21:16)",
		"    at Module._compile (module.js:649:30)",
		"    at Object.Module._extensions..js (module.js:660:10)",
		"    at Module.load (module.js:561:32)",
		"    at tryModuleLoad (module.js:501:12)",
		"    at Function.Module._load (module.js:493:3)",
		"    at Function.Module.runMain (module.js:690:10)",
		"    at startup (bootstrap_node.js:194:16)"
	]
}
Mon Jun 04 2018 17:47:24 GMT+0530 (India Standard Time) INFOHTTP POST /txnpush{
	"res": {
		"statusCode": 500
	},
	"req": {
		"url": "/txnpush",
		"headers": {
			"host": "localhost:3000",
			"connection": "keep-alive",
			"content-length": "1821",
			"origin": "chrome-extension://fhbjgbiflinjbdggehcddcbncdddomop",
			"cache-control": "no-cache",
			"user-agent": "Mozilla/5.0 (Windows NT 10.0; Win64; x64) AppleWebKit/537.36 (KHTML, like Gecko) Chrome/66.0.3359.181 Safari/537.36",
			"api_source_key": "\"dasbcksdcb\"",
			"username": "\"cbuser01\"",
			"content-type": "application/json",
			"password": "\"dfjnskfc\"",
			"postman-token": "d5afcac4-41b4-694b-7321-5d6c03fbe675",
			"accept": "*/*",
			"accept-encoding": "gzip, deflate, br",
			"accept-language": "en-US,en;q=0.9"
		},
		"method": "POST",
		"httpVersion": "1.1",
		"originalUrl": "/txnpush",
		"query": {}
	},
	"responseTime": 34
}
Mon Jun 04 2018 17:49:52 GMT+0530 (India Standard Time) INFOHTTP POST /txnpush{
	"res": {
		"statusCode": 500
	},
	"req": {
		"url": "/txnpush",
		"headers": {
			"host": "localhost:3000",
			"connection": "keep-alive",
			"content-length": "1821",
			"origin": "chrome-extension://fhbjgbiflinjbdggehcddcbncdddomop",
			"cache-control": "no-cache",
			"user-agent": "Mozilla/5.0 (Windows NT 10.0; Win64; x64) AppleWebKit/537.36 (KHTML, like Gecko) Chrome/66.0.3359.181 Safari/537.36",
			"api_source_key": "\"dasbcksdcb\"",
			"username": "\"cbuser01\"",
			"content-type": "application/json",
			"password": "\"dfjnskfc\"",
			"postman-token": "69db4a48-a1d8-bfb5-dc6a-0265aafbb87b",
			"accept": "*/*",
			"accept-encoding": "gzip, deflate, br",
			"accept-language": "en-US,en;q=0.9"
		},
		"method": "POST",
		"httpVersion": "1.1",
		"originalUrl": "/txnpush",
		"query": {}
	},
	"responseTime": 21
}
Mon Jun 04 2018 17:51:23 GMT+0530 (India Standard Time) INFOHTTP POST /txnpush{
	"res": {
		"statusCode": 500
	},
	"req": {
		"url": "/txnpush",
		"headers": {
			"host": "localhost:3000",
			"connection": "keep-alive",
			"content-length": "1821",
			"origin": "chrome-extension://fhbjgbiflinjbdggehcddcbncdddomop",
			"cache-control": "no-cache",
			"user-agent": "Mozilla/5.0 (Windows NT 10.0; Win64; x64) AppleWebKit/537.36 (KHTML, like Gecko) Chrome/66.0.3359.181 Safari/537.36",
			"api_source_key": "\"dasbcksdcb\"",
			"username": "\"cbuser01\"",
			"content-type": "application/json",
			"password": "\"dfjnskfc\"",
			"postman-token": "c5998162-6323-c5ea-8ba7-9ed107e6b253",
			"accept": "*/*",
			"accept-encoding": "gzip, deflate, br",
			"accept-language": "en-US,en;q=0.9"
		},
		"method": "POST",
		"httpVersion": "1.1",
		"originalUrl": "/txnpush",
		"query": {}
	},
	"responseTime": 15
}
Mon Jun 04 2018 17:53:08 GMT+0530 (India Standard Time) INFOHTTP POST /txnpush{
	"res": {
		"statusCode": 200
	},
	"req": {
		"url": "/txnpush",
		"headers": {
			"host": "localhost:3000",
			"connection": "keep-alive",
			"content-length": "1821",
			"origin": "chrome-extension://fhbjgbiflinjbdggehcddcbncdddomop",
			"cache-control": "no-cache",
			"user-agent": "Mozilla/5.0 (Windows NT 10.0; Win64; x64) AppleWebKit/537.36 (KHTML, like Gecko) Chrome/66.0.3359.181 Safari/537.36",
			"api_source_key": "\"dasbcksdcb\"",
			"username": "\"cbuser01\"",
			"content-type": "application/json",
			"password": "\"dfjnskfc\"",
			"postman-token": "a9259616-9a39-ab90-eed1-1a32dcf9c644",
			"accept": "*/*",
			"accept-encoding": "gzip, deflate, br",
			"accept-language": "en-US,en;q=0.9"
		},
		"method": "POST",
		"httpVersion": "1.1",
		"originalUrl": "/txnpush",
		"query": {}
	},
	"responseTime": 16
}
Mon Jun 04 2018 17:58:21 GMT+0530 (India Standard Time) INFOHTTP POST /txnpush{
	"res": {
		"statusCode": 200
	},
	"req": {
		"url": "/txnpush",
		"headers": {
			"host": "localhost:3000",
			"connection": "keep-alive",
			"content-length": "1821",
			"origin": "chrome-extension://fhbjgbiflinjbdggehcddcbncdddomop",
			"cache-control": "no-cache",
			"user-agent": "Mozilla/5.0 (Windows NT 10.0; Win64; x64) AppleWebKit/537.36 (KHTML, like Gecko) Chrome/66.0.3359.181 Safari/537.36",
			"api_source_key": "\"dasbcksdcb\"",
			"username": "\"cbuser01\"",
			"content-type": "application/json",
			"password": "\"dfjnskfc\"",
			"postman-token": "a952c80d-d735-6ebc-c14c-6fc7fa1b6b8e",
			"accept": "*/*",
			"accept-encoding": "gzip, deflate, br",
			"accept-language": "en-US,en;q=0.9"
		},
		"method": "POST",
		"httpVersion": "1.1",
		"originalUrl": "/txnpush",
		"query": {}
	},
	"responseTime": 253
}
Mon Jun 04 2018 18:05:21 GMT+0530 (India Standard Time) INFOHTTP POST /txnpush{
	"res": {
		"statusCode": 200
	},
	"req": {
		"url": "/txnpush",
		"headers": {
			"host": "localhost:3000",
			"connection": "keep-alive",
			"content-length": "1821",
			"origin": "chrome-extension://fhbjgbiflinjbdggehcddcbncdddomop",
			"cache-control": "no-cache",
			"user-agent": "Mozilla/5.0 (Windows NT 10.0; Win64; x64) AppleWebKit/537.36 (KHTML, like Gecko) Chrome/66.0.3359.181 Safari/537.36",
			"api_source_key": "\"dasbcksdcb\"",
			"username": "\"cbuser01\"",
			"content-type": "application/json",
			"password": "\"dfjnskfc\"",
			"postman-token": "43e192b0-0ef9-936f-eb2f-f18aa3208c02",
			"accept": "*/*",
			"accept-encoding": "gzip, deflate, br",
			"accept-language": "en-US,en;q=0.9"
		},
		"method": "POST",
		"httpVersion": "1.1",
		"originalUrl": "/txnpush",
		"query": {}
	},
	"responseTime": 68
}
Mon Jun 04 2018 18:06:34 GMT+0530 (India Standard Time) INFOHTTP POST /txnpush{
	"res": {
		"statusCode": 200
	},
	"req": {
		"url": "/txnpush",
		"headers": {
			"host": "localhost:3000",
			"connection": "keep-alive",
			"content-length": "1821",
			"origin": "chrome-extension://fhbjgbiflinjbdggehcddcbncdddomop",
			"cache-control": "no-cache",
			"user-agent": "Mozilla/5.0 (Windows NT 10.0; Win64; x64) AppleWebKit/537.36 (KHTML, like Gecko) Chrome/66.0.3359.181 Safari/537.36",
			"api_source_key": "\"dasbcksdcb\"",
			"username": "\"cbuser01\"",
			"content-type": "application/json",
			"password": "\"dfjnskfc\"",
			"postman-token": "fd824265-c61f-e07d-01e2-7dbe6c3ee646",
			"accept": "*/*",
			"accept-encoding": "gzip, deflate, br",
			"accept-language": "en-US,en;q=0.9"
		},
		"method": "POST",
		"httpVersion": "1.1",
		"originalUrl": "/txnpush",
		"query": {}
	},
	"responseTime": 60
}
Mon Jun 04 2018 18:16:00 GMT+0530 (India Standard Time) INFOHTTP POST /txnpush{
	"res": {
		"statusCode": 200
	},
	"req": {
		"url": "/txnpush",
		"headers": {
			"host": "localhost:3000",
			"connection": "keep-alive",
			"content-length": "1821",
			"origin": "chrome-extension://fhbjgbiflinjbdggehcddcbncdddomop",
			"cache-control": "no-cache",
			"user-agent": "Mozilla/5.0 (Windows NT 10.0; Win64; x64) AppleWebKit/537.36 (KHTML, like Gecko) Chrome/66.0.3359.181 Safari/537.36",
			"api_source_key": "\"dasbcksdcb\"",
			"username": "\"cbuser01\"",
			"content-type": "application/json",
			"password": "\"dfjnskfc\"",
			"postman-token": "f16e0649-a6ae-c59f-6248-460d732cc731",
			"accept": "*/*",
			"accept-encoding": "gzip, deflate, br",
			"accept-language": "en-US,en;q=0.9"
		},
		"method": "POST",
		"httpVersion": "1.1",
		"originalUrl": "/txnpush",
		"query": {}
	},
	"responseTime": 74
}
Mon Jun 04 2018 18:19:18 GMT+0530 (India Standard Time) INFOHTTP POST /txnpush{
	"res": {
		"statusCode": 200
	},
	"req": {
		"url": "/txnpush",
		"headers": {
			"host": "localhost:3000",
			"connection": "keep-alive",
			"content-length": "1821",
			"origin": "chrome-extension://fhbjgbiflinjbdggehcddcbncdddomop",
			"cache-control": "no-cache",
			"user-agent": "Mozilla/5.0 (Windows NT 10.0; Win64; x64) AppleWebKit/537.36 (KHTML, like Gecko) Chrome/66.0.3359.181 Safari/537.36",
			"api_source_key": "\"dasbcksdcb\"",
			"username": "\"cbuser01\"",
			"content-type": "application/json",
			"password": "\"dfjnskfc\"",
			"postman-token": "f2a1930f-2ba2-20a8-d7f8-822ea4d2c495",
			"accept": "*/*",
			"accept-encoding": "gzip, deflate, br",
			"accept-language": "en-US,en;q=0.9"
		},
		"method": "POST",
		"httpVersion": "1.1",
		"originalUrl": "/txnpush",
		"query": {}
	},
	"responseTime": 63
}
Mon Jun 04 2018 18:39:22 GMT+0530 (India Standard Time) INFOHTTP POST /txnpush{
	"res": {
		"statusCode": 200
	},
	"req": {
		"url": "/txnpush",
		"headers": {
			"host": "localhost:3000",
			"connection": "keep-alive",
			"content-length": "1821",
			"origin": "chrome-extension://fhbjgbiflinjbdggehcddcbncdddomop",
			"cache-control": "no-cache",
			"user-agent": "Mozilla/5.0 (Windows NT 10.0; Win64; x64) AppleWebKit/537.36 (KHTML, like Gecko) Chrome/66.0.3359.181 Safari/537.36",
			"api_source_key": "\"dasbcksdcb\"",
			"username": "\"cbuser01\"",
			"content-type": "application/json",
			"password": "\"dfjnskfc\"",
			"postman-token": "64f61f7d-5ac4-f542-1863-40f3c6e0be7d",
			"accept": "*/*",
			"accept-encoding": "gzip, deflate, br",
			"accept-language": "en-US,en;q=0.9"
		},
		"method": "POST",
		"httpVersion": "1.1",
		"originalUrl": "/txnpush",
		"query": {}
	},
	"responseTime": 103812
}
Tue Jun 05 2018 10:31:44 GMT+0530 (India Standard Time) INFOHTTP POST /txnpush{
	"res": {
		"statusCode": 200
	},
	"req": {
		"url": "/txnpush",
		"headers": {
			"host": "localhost:3000",
			"connection": "keep-alive",
			"content-length": "1821",
			"origin": "chrome-extension://fhbjgbiflinjbdggehcddcbncdddomop",
			"cache-control": "no-cache",
			"user-agent": "Mozilla/5.0 (Windows NT 10.0; Win64; x64) AppleWebKit/537.36 (KHTML, like Gecko) Chrome/66.0.3359.181 Safari/537.36",
			"api_source_key": "\"dasbcksdcb\"",
			"username": "\"cbuser01\"",
			"content-type": "application/json",
			"password": "\"dfjnskfc\"",
			"postman-token": "8da0d4f2-cfbb-0184-b80c-c9b537219575",
			"accept": "*/*",
			"accept-encoding": "gzip, deflate, br",
			"accept-language": "en-US,en;q=0.9"
		},
		"method": "POST",
		"httpVersion": "1.1",
		"originalUrl": "/txnpush",
		"query": {}
	},
	"responseTime": 18
}
Tue Jun 05 2018 10:34:53 GMT+0530 (India Standard Time) INFOHTTP POST /txnpush{
	"res": {
		"statusCode": 200
	},
	"req": {
		"url": "/txnpush",
		"headers": {
			"host": "localhost:3000",
			"connection": "keep-alive",
			"content-length": "1821",
			"origin": "chrome-extension://fhbjgbiflinjbdggehcddcbncdddomop",
			"cache-control": "no-cache",
			"user-agent": "Mozilla/5.0 (Windows NT 10.0; Win64; x64) AppleWebKit/537.36 (KHTML, like Gecko) Chrome/66.0.3359.181 Safari/537.36",
			"api_source_key": "\"dasbcksdcb\"",
			"username": "\"cbuser01\"",
			"content-type": "application/json",
			"password": "\"dfjnskfc\"",
			"postman-token": "0c8cd150-7a36-02fb-5412-67fe526278b3",
			"accept": "*/*",
			"accept-encoding": "gzip, deflate, br",
			"accept-language": "en-US,en;q=0.9"
		},
		"method": "POST",
		"httpVersion": "1.1",
		"originalUrl": "/txnpush",
		"query": {}
	},
	"responseTime": 19
}
Tue Jun 05 2018 12:18:21 GMT+0530 (India Standard Time) INFOHTTP POST /txnpush{
	"res": {
		"statusCode": 500
	},
	"req": {
		"url": "/txnpush",
		"headers": {
			"host": "localhost:3000",
			"connection": "keep-alive",
			"content-length": "1821",
			"origin": "chrome-extension://fhbjgbiflinjbdggehcddcbncdddomop",
			"cache-control": "no-cache",
			"user-agent": "Mozilla/5.0 (Windows NT 10.0; Win64; x64) AppleWebKit/537.36 (KHTML, like Gecko) Chrome/66.0.3359.181 Safari/537.36",
			"api_source_key": "\"dasbcksdcb\"",
			"username": "\"cbuser01\"",
			"content-type": "application/json",
			"password": "\"dfjnskfc\"",
			"postman-token": "c7c2b312-70dc-5341-7cf7-b9cbbcaff09e",
			"accept": "*/*",
			"accept-encoding": "gzip, deflate, br",
			"accept-language": "en-US,en;q=0.9"
		},
		"method": "POST",
		"httpVersion": "1.1",
		"originalUrl": "/txnpush",
		"query": {}
	},
	"responseTime": 28769
}
Tue Jun 05 2018 12:19:24 GMT+0530 (India Standard Time) INFOHTTP POST /txnpush{
	"res": {
		"statusCode": 500
	},
	"req": {
		"url": "/txnpush",
		"headers": {
			"host": "localhost:3000",
			"connection": "keep-alive",
			"content-length": "1821",
			"origin": "chrome-extension://fhbjgbiflinjbdggehcddcbncdddomop",
			"cache-control": "no-cache",
			"user-agent": "Mozilla/5.0 (Windows NT 10.0; Win64; x64) AppleWebKit/537.36 (KHTML, like Gecko) Chrome/66.0.3359.181 Safari/537.36",
			"api_source_key": "\"dasbcksdcb\"",
			"username": "\"cbuser01\"",
			"content-type": "application/json",
			"password": "\"dfjnskfc\"",
			"postman-token": "01ce1ebb-a3d9-104d-c10f-2c05d93f0670",
			"accept": "*/*",
			"accept-encoding": "gzip, deflate, br",
			"accept-language": "en-US,en;q=0.9"
		},
		"method": "POST",
		"httpVersion": "1.1",
		"originalUrl": "/txnpush",
		"query": {}
	},
	"responseTime": 24407
}
Tue Jun 05 2018 12:20:31 GMT+0530 (India Standard Time) INFOHTTP POST /txnpush{
	"res": {
		"statusCode": 500
	},
	"req": {
		"url": "/txnpush",
		"headers": {
			"host": "localhost:3000",
			"connection": "keep-alive",
			"content-length": "1821",
			"origin": "chrome-extension://fhbjgbiflinjbdggehcddcbncdddomop",
			"cache-control": "no-cache",
			"user-agent": "Mozilla/5.0 (Windows NT 10.0; Win64; x64) AppleWebKit/537.36 (KHTML, like Gecko) Chrome/66.0.3359.181 Safari/537.36",
			"api_source_key": "\"dasbcksdcb\"",
			"username": "\"cbuser01\"",
			"content-type": "application/json",
			"password": "\"dfjnskfc\"",
			"postman-token": "ebcdb6eb-6b56-2f8b-5129-8f2c5615595d",
			"accept": "*/*",
			"accept-encoding": "gzip, deflate, br",
			"accept-language": "en-US,en;q=0.9"
		},
		"method": "POST",
		"httpVersion": "1.1",
		"originalUrl": "/txnpush",
		"query": {}
	},
	"responseTime": 18
}
Tue Jun 05 2018 12:59:12 GMT+0530 (India Standard Time) INFOHTTP POST /txnpush{
	"res": {
		"statusCode": 200
	},
	"req": {
		"url": "/txnpush",
		"headers": {
			"host": "localhost:3000",
			"connection": "keep-alive",
			"content-length": "1821",
			"origin": "chrome-extension://fhbjgbiflinjbdggehcddcbncdddomop",
			"cache-control": "no-cache",
			"user-agent": "Mozilla/5.0 (Windows NT 10.0; Win64; x64) AppleWebKit/537.36 (KHTML, like Gecko) Chrome/66.0.3359.181 Safari/537.36",
			"api_source_key": "\"dasbcksdcb\"",
			"username": "\"cbuser01\"",
			"content-type": "application/json",
			"password": "\"dfjnskfc\"",
			"postman-token": "9fbef206-e5a8-6d68-d606-04a8d4067c54",
			"accept": "*/*",
			"accept-encoding": "gzip, deflate, br",
			"accept-language": "en-US,en;q=0.9"
		},
		"method": "POST",
		"httpVersion": "1.1",
		"originalUrl": "/txnpush",
		"query": {}
	},
	"responseTime": 30
}
Tue Jun 05 2018 12:59:38 GMT+0530 (India Standard Time) INFOHTTP POST /txnpush{
	"res": {
		"statusCode": 200
	},
	"req": {
		"url": "/txnpush",
		"headers": {
			"host": "localhost:3000",
			"connection": "keep-alive",
			"content-length": "1821",
			"origin": "chrome-extension://fhbjgbiflinjbdggehcddcbncdddomop",
			"cache-control": "no-cache",
			"user-agent": "Mozilla/5.0 (Windows NT 10.0; Win64; x64) AppleWebKit/537.36 (KHTML, like Gecko) Chrome/66.0.3359.181 Safari/537.36",
			"api_source_key": "\"dasbcksdcb\"",
			"username": "\"cbuser01\"",
			"content-type": "application/json",
			"password": "\"dfjnskfc\"",
			"postman-token": "b537ff40-e1cf-71c2-0d0a-ba8e8fb49385",
			"accept": "*/*",
			"accept-encoding": "gzip, deflate, br",
			"accept-language": "en-US,en;q=0.9"
		},
		"method": "POST",
		"httpVersion": "1.1",
		"originalUrl": "/txnpush",
		"query": {}
	},
	"responseTime": 10
}
Tue Jun 05 2018 13:00:10 GMT+0530 (India Standard Time) ERRORuncaughtException: listen EADDRINUSE :::3000{
	"date": "Tue Jun 05 2018 13:00:10 GMT+0530 (India Standard Time)",
	"process": {
		"pid": 9288,
		"uid": null,
		"gid": null,
		"cwd": "C:\\Users\\rmehlawat\\WebstormProjects\\lassapi",
		"execPath": "C:\\Program Files\\nodejs\\node.exe",
		"version": "v9.8.0",
		"argv": [
			"C:\\Program Files\\nodejs\\node.exe",
			"C:\\Users\\rmehlawat\\WebstormProjects\\lassapi\\app.js"
		],
		"memoryUsage": {
			"rss": 43053056,
			"heapTotal": 32366592,
			"heapUsed": 15826448,
			"external": 232024
		}
	},
	"os": {
		"loadavg": [
			0,
			0,
			0
		],
		"uptime": 1114621.3483701
	},
	"trace": [
		{
			"column": 14,
			"file": "net.js",
			"function": "Server.setupListenHandle [as _listen2]",
			"line": 1342,
			"method": "setupListenHandle [as _listen2]",
			"native": false
		},
		{
			"column": 12,
			"file": "net.js",
			"function": "listenInCluster",
			"line": 1383,
			"method": null,
			"native": false
		},
		{
			"column": 7,
			"file": "net.js",
			"function": "Server.listen",
			"line": 1471,
			"method": "listen",
			"native": false
		},
		{
			"column": 24,
			"file": "C:\\Users\\rmehlawat\\WebstormProjects\\lassapi\\node_modules\\express\\lib\\application.js",
			"function": "Function.listen",
			"line": 618,
			"method": "listen",
			"native": false
		},
		{
			"column": 16,
			"file": "C:\\Users\\rmehlawat\\WebstormProjects\\lassapi\\app.js",
			"function": null,
			"line": 17,
			"method": null,
			"native": false
		},
		{
			"column": 14,
			"file": "module.js",
			"function": "Module._compile",
			"line": 646,
			"method": "_compile",
			"native": false
		},
		{
			"column": 10,
			"file": "module.js",
			"function": "Module._extensions..js",
			"line": 660,
			"method": ".js",
			"native": false
		},
		{
			"column": 32,
			"file": "module.js",
			"function": "Module.load",
			"line": 561,
			"method": "load",
			"native": false
		},
		{
			"column": 12,
			"file": "module.js",
			"function": "tryModuleLoad",
			"line": 501,
			"method": null,
			"native": false
		},
		{
			"column": 3,
			"file": "module.js",
			"function": "Module._load",
			"line": 493,
			"method": "_load",
			"native": false
		}
	],
	"stack": [
		"Error: listen EADDRINUSE :::3000",
		"    at Server.setupListenHandle [as _listen2] (net.js:1342:14)",
		"    at listenInCluster (net.js:1383:12)",
		"    at Server.listen (net.js:1471:7)",
		"    at Function.listen (C:\\Users\\rmehlawat\\WebstormProjects\\lassapi\\node_modules\\express\\lib\\application.js:618:24)",
		"    at Object.<anonymous> (C:\\Users\\rmehlawat\\WebstormProjects\\lassapi\\app.js:17:16)",
		"    at Module._compile (module.js:646:14)",
		"    at Object.Module._extensions..js (module.js:660:10)",
		"    at Module.load (module.js:561:32)",
		"    at tryModuleLoad (module.js:501:12)",
		"    at Function.Module._load (module.js:493:3)"
	]
}
Tue Jun 05 2018 13:00:33 GMT+0530 (India Standard Time) INFOHTTP POST /txnpush{
	"res": {
		"statusCode": 200
	},
	"req": {
		"url": "/txnpush",
		"headers": {
			"host": "localhost:3000",
			"connection": "keep-alive",
			"content-length": "1821",
			"origin": "chrome-extension://fhbjgbiflinjbdggehcddcbncdddomop",
			"cache-control": "no-cache",
			"user-agent": "Mozilla/5.0 (Windows NT 10.0; Win64; x64) AppleWebKit/537.36 (KHTML, like Gecko) Chrome/66.0.3359.181 Safari/537.36",
			"api_source_key": "\"dasbcksdcb\"",
			"username": "\"cbuser01\"",
			"content-type": "application/json",
			"password": "\"dfjnskfc\"",
			"postman-token": "3954aa73-bc8e-b6a1-2780-3135ec328e51",
			"accept": "*/*",
			"accept-encoding": "gzip, deflate, br",
			"accept-language": "en-US,en;q=0.9"
		},
		"method": "POST",
		"httpVersion": "1.1",
		"originalUrl": "/txnpush",
		"query": {}
	},
	"responseTime": 4681
}
Tue Jun 05 2018 13:00:58 GMT+0530 (India Standard Time) INFOHTTP POST /txnpush{
	"res": {
		"statusCode": 200
	},
	"req": {
		"url": "/txnpush",
		"headers": {
			"host": "localhost:3000",
			"connection": "keep-alive",
			"content-length": "1821",
			"origin": "chrome-extension://fhbjgbiflinjbdggehcddcbncdddomop",
			"cache-control": "no-cache",
			"user-agent": "Mozilla/5.0 (Windows NT 10.0; Win64; x64) AppleWebKit/537.36 (KHTML, like Gecko) Chrome/66.0.3359.181 Safari/537.36",
			"api_source_key": "\"dasbcksdcb\"",
			"username": "\"cbuser01\"",
			"content-type": "application/json",
			"password": "\"dfjnskfc\"",
			"postman-token": "502b5145-0414-ac47-8770-bda2e257a1e3",
			"accept": "*/*",
			"accept-encoding": "gzip, deflate, br",
			"accept-language": "en-US,en;q=0.9"
		},
		"method": "POST",
		"httpVersion": "1.1",
		"originalUrl": "/txnpush",
		"query": {}
	},
	"responseTime": 21
}
Tue Jun 05 2018 13:04:14 GMT+0530 (India Standard Time) INFOHTTP POST /txnpush{
	"res": {
		"statusCode": 200
	},
	"req": {
		"url": "/txnpush",
		"headers": {
			"host": "localhost:3000",
			"connection": "keep-alive",
			"content-length": "1821",
			"origin": "chrome-extension://fhbjgbiflinjbdggehcddcbncdddomop",
			"cache-control": "no-cache",
			"user-agent": "Mozilla/5.0 (Windows NT 10.0; Win64; x64) AppleWebKit/537.36 (KHTML, like Gecko) Chrome/66.0.3359.181 Safari/537.36",
			"api_source_key": "\"dasbcksdcb\"",
			"username": "\"cbuser01\"",
			"content-type": "application/json",
			"password": "\"dfjnskfc\"",
			"postman-token": "e259e6a3-9ba0-8ef5-1800-57e62e6a011c",
			"accept": "*/*",
			"accept-encoding": "gzip, deflate, br",
			"accept-language": "en-US,en;q=0.9"
		},
		"method": "POST",
		"httpVersion": "1.1",
		"originalUrl": "/txnpush",
		"query": {}
	},
	"responseTime": 22
}
Tue Jun 05 2018 13:04:53 GMT+0530 (India Standard Time) INFOHTTP POST /txnpush{
	"res": {
		"statusCode": 200
	},
	"req": {
		"url": "/txnpush",
		"headers": {
			"host": "localhost:3000",
			"connection": "keep-alive",
			"content-length": "1821",
			"origin": "chrome-extension://fhbjgbiflinjbdggehcddcbncdddomop",
			"cache-control": "no-cache",
			"user-agent": "Mozilla/5.0 (Windows NT 10.0; Win64; x64) AppleWebKit/537.36 (KHTML, like Gecko) Chrome/66.0.3359.181 Safari/537.36",
			"api_source_key": "\"dasbcksdcb\"",
			"username": "\"cbuser01\"",
			"content-type": "application/json",
			"password": "\"dfjnskfc\"",
			"postman-token": "27ee80e4-c0b7-817c-639f-0a8f12b84118",
			"accept": "*/*",
			"accept-encoding": "gzip, deflate, br",
			"accept-language": "en-US,en;q=0.9"
		},
		"method": "POST",
		"httpVersion": "1.1",
		"originalUrl": "/txnpush",
		"query": {}
	},
	"responseTime": 16
}
Tue Jun 05 2018 13:05:15 GMT+0530 (India Standard Time) INFOHTTP POST /txnpush{
	"res": {
		"statusCode": 200
	},
	"req": {
		"url": "/txnpush",
		"headers": {
			"host": "localhost:3000",
			"connection": "keep-alive",
			"content-length": "1821",
			"origin": "chrome-extension://fhbjgbiflinjbdggehcddcbncdddomop",
			"cache-control": "no-cache",
			"user-agent": "Mozilla/5.0 (Windows NT 10.0; Win64; x64) AppleWebKit/537.36 (KHTML, like Gecko) Chrome/66.0.3359.181 Safari/537.36",
			"api_source_key": "\"dasbcksdcb\"",
			"username": "\"cbuser01\"",
			"content-type": "application/json",
			"password": "\"dfjnskfc\"",
			"postman-token": "d3525566-f629-6cfc-4674-d699b1e84f70",
			"accept": "*/*",
			"accept-encoding": "gzip, deflate, br",
			"accept-language": "en-US,en;q=0.9"
		},
		"method": "POST",
		"httpVersion": "1.1",
		"originalUrl": "/txnpush",
		"query": {}
	},
	"responseTime": 21
}
Tue Jun 05 2018 13:06:49 GMT+0530 (India Standard Time) INFOHTTP POST /txnpush{
	"res": {
		"statusCode": 200
	},
	"req": {
		"url": "/txnpush",
		"headers": {
			"host": "localhost:3000",
			"connection": "keep-alive",
			"content-length": "1821",
			"origin": "chrome-extension://fhbjgbiflinjbdggehcddcbncdddomop",
			"cache-control": "no-cache",
			"user-agent": "Mozilla/5.0 (Windows NT 10.0; Win64; x64) AppleWebKit/537.36 (KHTML, like Gecko) Chrome/66.0.3359.181 Safari/537.36",
			"api_source_key": "\"dasbcksdcb\"",
			"username": "\"cbuser01\"",
			"content-type": "application/json",
			"password": "\"dfjnskfc\"",
			"postman-token": "0e8dfe63-5f8b-c809-2015-ff8992407708",
			"accept": "*/*",
			"accept-encoding": "gzip, deflate, br",
			"accept-language": "en-US,en;q=0.9"
		},
		"method": "POST",
		"httpVersion": "1.1",
		"originalUrl": "/txnpush",
		"query": {}
	},
	"responseTime": 24
}
Tue Jun 05 2018 13:25:31 GMT+0530 (India Standard Time) INFOHTTP POST /txnpush{
	"res": {
		"statusCode": 500
	},
	"req": {
		"url": "/txnpush",
		"headers": {
			"host": "localhost:3000",
			"connection": "keep-alive",
			"content-length": "1821",
			"origin": "chrome-extension://fhbjgbiflinjbdggehcddcbncdddomop",
			"cache-control": "no-cache",
			"user-agent": "Mozilla/5.0 (Windows NT 10.0; Win64; x64) AppleWebKit/537.36 (KHTML, like Gecko) Chrome/66.0.3359.181 Safari/537.36",
			"api_source_key": "\"dasbcksdcb\"",
			"username": "\"cbuser01\"",
			"content-type": "application/json",
			"password": "\"dfjnskfc\"",
			"postman-token": "b8d33cc1-3f55-1de9-3cd1-ed0b75391ef4",
			"accept": "*/*",
			"accept-encoding": "gzip, deflate, br",
			"accept-language": "en-US,en;q=0.9"
		},
		"method": "POST",
		"httpVersion": "1.1",
		"originalUrl": "/txnpush",
		"query": {}
	},
	"responseTime": 18
}
Tue Jun 05 2018 13:28:34 GMT+0530 (India Standard Time) INFOHTTP POST /txnpush{
	"res": {
		"statusCode": 200
	},
	"req": {
		"url": "/txnpush",
		"headers": {
			"host": "localhost:3000",
			"connection": "keep-alive",
			"content-length": "1821",
			"origin": "chrome-extension://fhbjgbiflinjbdggehcddcbncdddomop",
			"cache-control": "no-cache",
			"user-agent": "Mozilla/5.0 (Windows NT 10.0; Win64; x64) AppleWebKit/537.36 (KHTML, like Gecko) Chrome/66.0.3359.181 Safari/537.36",
			"api_source_key": "\"dasbcksdcb\"",
			"username": "\"cbuser01\"",
			"content-type": "application/json",
			"password": "\"dfjnskfc\"",
			"postman-token": "a4ba26a7-8330-0b3a-2451-c185ee37717b",
			"accept": "*/*",
			"accept-encoding": "gzip, deflate, br",
			"accept-language": "en-US,en;q=0.9"
		},
		"method": "POST",
		"httpVersion": "1.1",
		"originalUrl": "/txnpush",
		"query": {}
	},
	"responseTime": 37
}
