
{"level":"info","message":"inside source key validation","timestamp":"2018-06-08T10:48:11.642Z"}
{"level":"info","message":"In Validate Schema","timestamp":"2018-06-08T10:48:11.633Z"}
{"level":"info","message":"inside validate source key repository ","timestamp":"2018-06-08T10:48:11.642Z"}
{"level":"info","message":"inside source key validation Result returnCode--> 1234567890","timestamp":"2018-06-08T10:48:11.797Z"}
{"level":"info","message":"inside validate source key repository Result---->[{\"returnCode\":1234567890}]","timestamp":"2018-06-08T10:48:11.795Z"}
{"level":"info","message":"inside source key validation","timestamp":"2018-06-08T10:55:38.457Z"}
{"level":"info","message":"In Validate Schema","timestamp":"2018-06-08T10:55:38.455Z"}
{"level":"info","message":"inside validate source key repository ","timestamp":"2018-06-08T10:55:38.458Z"}
{"level":"info","message":"inside Validate Schema","timestamp":"2018-06-11T09:25:21.532Z"}
{"level":"info","message":"inside Validate Schema","timestamp":"2018-06-11T09:25:58.434Z"}
{"level":"info","message":"inside source key validation","timestamp":"2018-06-11T09:25:58.445Z"}
{"level":"info","message":"inside Validate Schema","timestamp":"2018-06-11T09:27:44.363Z"}
{"level":"info","message":"inside Validate Schema","timestamp":"2018-06-11T09:28:58.410Z"}
{"level":"info","message":"inside Validate Schema","timestamp":"2018-06-11T09:29:34.447Z"}
{"level":"info","message":"inside Validate Schema","timestamp":"2018-06-11T09:31:05.718Z"}
{"level":"info","message":"inside Validate Schema","timestamp":"2018-06-11T09:39:49.449Z"}
{"level":"info","message":"inside Validate Schema","timestamp":"2018-06-11T09:42:33.532Z"}
{"level":"info","message":"inside Validate Schema","timestamp":"2018-06-11T09:43:13.569Z"}
{"level":"info","message":"inside Validate Schema","timestamp":"2018-06-11T09:44:08.021Z"}
{"level":"info","message":"inside Validate Schema","timestamp":"2018-06-11T09:44:35.780Z"}
{"level":"info","message":"inside Validate Schema","timestamp":"2018-06-11T09:46:35.755Z"}
{"level":"info","message":"inside Validate Schema","timestamp":"2018-06-11T09:46:45.482Z"}
{"level":"info","message":"inside Validate Schema","timestamp":"2018-06-11T09:58:11.211Z"}
{"level":"info","message":"inside Validate Schema","timestamp":"2018-06-11T09:58:31.057Z"}
{"level":"info","message":"inside Validate Schema","timestamp":"2018-06-11T09:59:24.846Z"}
{"level":"info","message":"inside Validate Schema","timestamp":"2018-06-11T10:00:22.664Z"}
{"level":"info","message":"inside Validate Schema","timestamp":"2018-06-11T10:03:52.520Z"}
{"level":"info","message":"inside Validate Schema","timestamp":"2018-06-11T10:04:16.520Z"}
